<?xml version="1.0" encoding="UTF-8"?>
<!-- Generated by org.testng.reporters.JUnitReportReporter -->
<testsuite skipped="0" hostname="WINDOWS-RUHM1NF" name="FileUtils" tests="1" failures="0" timestamp="01 Apr 2020 15:34:59 GMT" time="2.022" errors="0">
  <testcase name="test1" time="2.022" classname="FileUtils"/>
</testsuite> <!-- FileUtils -->
